<?xml version="1.0" encoding="UTF-8"?>
<testsuite xmlns:xsi="http://www.w3.org/2001/XMLSchema-instance" xsi:noNamespaceSchemaLocation="https://maven.apache.org/surefire/maven-surefire-plugin/xsd/surefire-test-report.xsd" name="com.codechallenge.banktransactions.controller.TransactionControllerIntegrationTest" time="8.328" tests="15" errors="0" skipped="0" failures="0">
  <properties>
[...]
</properties>
  <testcase name="transactionStatusBusinessNoChannelTransactionFound" classname="com.codechallenge.banktransactions.controller.TransactionControllerIntegrationTest" time="1.181"/>
  <testcase name="createTransactionWithOptionalFields" classname="com.codechallenge.banktransactions.controller.TransactionControllerIntegrationTest" time="0.487"/>
  <testcase name="transactionStatusBusinessRuleB_ATM" classname="com.codechallenge.banktransactions.controller.TransactionControllerIntegrationTest" time="0.255"/>
  <testcase name="getTransactions" classname="com.codechallenge.banktransactions.controller.TransactionControllerIntegrationTest" time="0.027"/>
  <testcase name="createTransactionWithMandatoryFields" classname="com.codechallenge.banktransactions.controller.TransactionControllerIntegrationTest" time="0.09"/>
  <testcase name="transactionStatusBusinessRuleA" classname="com.codechallenge.banktransactions.controller.TransactionControllerIntegrationTest" time="0.022"/>
  <testcase name="transactionStatusBusinessRuleC" classname="com.codechallenge.banktransactions.controller.TransactionControllerIntegrationTest" time="0.014"/>
  <testcase name="transactionStatusBusinessRuleD" classname="com.codechallenge.banktransactions.controller.TransactionControllerIntegrationTest" time="0.02"/>
  <testcase name="transactionStatusBusinessRuleE" classname="com.codechallenge.banktransactions.controller.TransactionControllerIntegrationTest" time="0.012"/>
  <testcase name="transactionStatusBusinessRuleF" classname="com.codechallenge.banktransactions.controller.TransactionControllerIntegrationTest" time="0.006"/>
  <testcase name="transactionStatusBusinessRuleG" classname="com.codechallenge.banktransactions.controller.TransactionControllerIntegrationTest" time="0.008"/>
  <testcase name="transactionStatusBusinessRuleH" classname="com.codechallenge.banktransactions.controller.TransactionControllerIntegrationTest" time="0.007"/>
  <testcase name="transactionStatusBusinessNoChannelTransactionNotFound" classname="com.codechallenge.banktransactions.controller.TransactionControllerIntegrationTest" time="0.014"/>
  <testcase name="transactionStatusBusinessRuleB_CLIENT" classname="com.codechallenge.banktransactions.controller.TransactionControllerIntegrationTest" time="0.013"/>
  <testcase name="getTransactionsAccountIbanNotFound" classname="com.codechallenge.banktransactions.controller.TransactionControllerIntegrationTest" time="0.005"/>
</testsuite>